app/build/intermediates/manifest_merge_blame_file/debug/manifest-merger-blame-debug-report.txt
1<?xml version="1.0" encoding="utf-8"?>
2<manifest xmlns:android="http://schemas.android.com/apk/res/android"
3    package="com.wackycodes.test.kotlin"
4    android:versionCode="1"
5    android:versionName="1.0" >
6
7    <uses-sdk
8        android:minSdkVersion="22"
8-->src\main\AndroidManifest.xml
9        android:targetSdkVersion="31" />
9-->src\main\AndroidManifest.xml
10
11    <uses-permission android:name="android.permission.ACCESS_NETWORK_STATE" />
11-->src\main\AndroidManifest.xml:6:5-78
11-->src\main\AndroidManifest.xml:6:22-76
12
13    <application
13-->src\main\AndroidManifest.xml:8:5-36:19
14        android:allowBackup="true"
14-->src\main\AndroidManifest.xml:9:9-35
15        android:appComponentFactory="androidx.core.app.CoreComponentFactory"
15-->[androidx.core:core:1.7.0] AndroidManifest.xml:24:18-86
16        android:debuggable="true"
17        android:icon="@mipmap/logo"
17-->src\main\AndroidManifest.xml:10:9-36
18        android:label="@string/app_name"
18-->src\main\AndroidManifest.xml:11:9-41
19        android:roundIcon="@mipmap/logo_round"
19-->src\main\AndroidManifest.xml:12:9-47
20        android:supportsRtl="true"
20-->src\main\AndroidManifest.xml:13:9-35
21        android:theme="@style/AppTheme" >
21-->src\main\AndroidManifest.xml:14:9-40
22        <activity
22-->src\main\AndroidManifest.xml:15:9-23:20
23            android:name="com.wackycodes.test.kotlin.ActivityMain"
23-->src\main\AndroidManifest.xml:16:13-41
24            android:exported="true" >
24-->src\main\AndroidManifest.xml:17:13-36
25            <intent-filter>
25-->src\main\AndroidManifest.xml:18:13-22:29
26                <action android:name="android.intent.action.MAIN" />
26-->src\main\AndroidManifest.xml:19:17-69
26-->src\main\AndroidManifest.xml:19:25-66
27
28                <category android:name="android.intent.category.LAUNCHER" />
28-->src\main\AndroidManifest.xml:21:17-77
28-->src\main\AndroidManifest.xml:21:27-74
29            </intent-filter>
30        </activity>
31
32        <receiver
32-->src\main\AndroidManifest.xml:25:9-34:20
33            android:name="com.wackycodes.test.kotlin.util.InternetService"
33-->src\main\AndroidManifest.xml:25:19-57
34            android:enabled="true"
34-->src\main\AndroidManifest.xml:27:13-35
35            android:exported="true" >
35-->src\main\AndroidManifest.xml:26:13-36
36            <intent-filter>
36-->src\main\AndroidManifest.xml:28:13-33:29
37                <action android:name="android.net.conn.CONNECTIVITY_CHANGE" />
37-->src\main\AndroidManifest.xml:29:17-30:50
37-->src\main\AndroidManifest.xml:29:25-76
38                <action android:name="android.net.wifi.WIFI_STATE_CHANGED" />
38-->src\main\AndroidManifest.xml:31:17-78
38-->src\main\AndroidManifest.xml:31:25-75
39                <action android:name="android.net.wifi.STATE_CHANGE" />
39-->src\main\AndroidManifest.xml:32:17-72
39-->src\main\AndroidManifest.xml:32:25-69
40            </intent-filter>
41        </receiver>
42
43        <provider
43-->[androidx.emoji2:emoji2:1.0.0] AndroidManifest.xml:26:9-34:20
44            android:name="androidx.startup.InitializationProvider"
44-->[androidx.emoji2:emoji2:1.0.0] AndroidManifest.xml:27:13-67
45            android:authorities="com.wackycodes.test.kotlin.androidx-startup"
45-->[androidx.emoji2:emoji2:1.0.0] AndroidManifest.xml:28:13-68
46            android:exported="false" >
46-->[androidx.emoji2:emoji2:1.0.0] AndroidManifest.xml:29:13-37
47            <meta-data
47-->[androidx.emoji2:emoji2:1.0.0] AndroidManifest.xml:31:13-33:52
48                android:name="androidx.emoji2.text.EmojiCompatInitializer"
48-->[androidx.emoji2:emoji2:1.0.0] AndroidManifest.xml:32:17-75
49                android:value="androidx.startup" />
49-->[androidx.emoji2:emoji2:1.0.0] AndroidManifest.xml:33:17-49
50            <meta-data
50-->[androidx.lifecycle:lifecycle-process:2.4.0] AndroidManifest.xml:31:13-33:52
51                android:name="androidx.lifecycle.ProcessLifecycleInitializer"
51-->[androidx.lifecycle:lifecycle-process:2.4.0] AndroidManifest.xml:32:17-78
52                android:value="androidx.startup" />
52-->[androidx.lifecycle:lifecycle-process:2.4.0] AndroidManifest.xml:33:17-49
53        </provider>
54    </application>
55
56</manifest>